<?xml version="1.0" encoding="UTF-8"?>
<!-- Generated by org.testng.reporters.JUnitXMLReporter -->
<testsuite hostname="Olena" name="Surefire test" tests="1" failures="1" timestamp="13 Mar 2016 20:36:04 GMT" time="20.271" errors="0">
  <testcase name="testNimgo" time="15.025" classname="myFirstEasyTests.TestOfpertol">
    <failure type="org.openqa.selenium.NoSuchElementException" message="Unable to locate element: {&amp;quot;method&amp;quot;:&amp;quot;xpath&amp;quot;,&amp;quot;selector&amp;quot;:&amp;quot;//button[@class=&amp;apos;signin-button&amp;apos;]&amp;quot;}
Command duration or timeout: 46 milliseconds
For documentation on this error, please visit: http://seleniumhq.org/exceptions/no_such_element.html
Build info: version: &amp;apos;2.52.0&amp;apos;, revision: &amp;apos;4c2593cfc3689a7fcd7be52549167e5ccc93ad28&amp;apos;, time: &amp;apos;2016-02-11 11:22:43&amp;apos;
System info: host: &amp;apos;Olena&amp;apos;, ip: &amp;apos;192.168.1.105&amp;apos;, os.name: &amp;apos;Windows 10&amp;apos;, os.arch: &amp;apos;amd64&amp;apos;, os.version: &amp;apos;10.0&amp;apos;, java.version: &amp;apos;1.8.0_65&amp;apos;
Driver info: org.openqa.selenium.firefox.FirefoxDriver
Capabilities [{applicationCacheEnabled=true, rotatable=false, handlesAlerts=true, databaseEnabled=true, version=45.0, platform=WINDOWS, nativeEvents=false, acceptSslCerts=true, webStorageEnabled=true, locationContextEnabled=true, browserName=firefox, takesScreenshot=true, javascriptEnabled=true, cssSelectorsEnabled=true}]
Session ID: 19777118-c40b-4d32-ae2f-990f8fac5caa
*** Element info: {Using=xpath, value=//button[@class=&amp;apos;signin-button&amp;apos;]}">
      <![CDATA[org.openqa.selenium.NoSuchElementException: Unable to locate element: {"method":"xpath","selector":"//button[@class='signin-button']"}
Command duration or timeout: 46 milliseconds
For documentation on this error, please visit: http://seleniumhq.org/exceptions/no_such_element.html
Build info: version: '2.52.0', revision: '4c2593cfc3689a7fcd7be52549167e5ccc93ad28', time: '2016-02-11 11:22:43'
System info: host: 'Olena', ip: '192.168.1.105', os.name: 'Windows 10', os.arch: 'amd64', os.version: '10.0', java.version: '1.8.0_65'
Driver info: org.openqa.selenium.firefox.FirefoxDriver
Capabilities [{applicationCacheEnabled=true, rotatable=false, handlesAlerts=true, databaseEnabled=true, version=45.0, platform=WINDOWS, nativeEvents=false, acceptSslCerts=true, webStorageEnabled=true, locationContextEnabled=true, browserName=firefox, takesScreenshot=true, javascriptEnabled=true, cssSelectorsEnabled=true}]
Session ID: 19777118-c40b-4d32-ae2f-990f8fac5caa
*** Element info: {Using=xpath, value=//button[@class='signin-button']}
	at org.openqa.selenium.remote.ErrorHandler.createThrowable(ErrorHandler.java:206)
	at org.openqa.selenium.remote.ErrorHandler.throwIfResponseFailed(ErrorHandler.java:158)
	at org.openqa.selenium.remote.RemoteWebDriver.execute(RemoteWebDriver.java:678)
	at org.openqa.selenium.remote.RemoteWebDriver.findElement(RemoteWebDriver.java:363)
	at org.openqa.selenium.remote.RemoteWebDriver.findElementByXPath(RemoteWebDriver.java:500)
	at org.openqa.selenium.By$ByXPath.findElement(By.java:361)
	at org.openqa.selenium.remote.RemoteWebDriver.findElement(RemoteWebDriver.java:355)
	at myFirstEasyTests.TestOfpertol.testNimgo(TestOfpertol.java:47)
Caused by: org.openqa.selenium.NoSuchElementException: Unable to locate element: {"method":"xpath","selector":"//button[@class='signin-button']"}
For documentation on this error, please visit: http://seleniumhq.org/exceptions/no_such_element.html
Build info: version: '2.52.0', revision: '4c2593cfc3689a7fcd7be52549167e5ccc93ad28', time: '2016-02-11 11:22:43'
System info: host: 'Olena', ip: '192.168.1.105', os.name: 'Windows 10', os.arch: 'amd64', os.version: '10.0', java.version: '1.8.0_65'
Driver info: driver.version: unknown
	at <anonymous class>.FirefoxDriver.prototype.findElementInternal_(file:///C:/Users/OLENAG~1/AppData/Local/Temp/anonymous1499959988868480667webdriver-profile/extensions/fxdriver@googlecode.com/components/driver-component.js:10723)
	at <anonymous class>.FirefoxDriver.prototype.findElement(file:///C:/Users/OLENAG~1/AppData/Local/Temp/anonymous1499959988868480667webdriver-profile/extensions/fxdriver@googlecode.com/components/driver-component.js:10732)
	at <anonymous class>.DelayedCommand.prototype.executeInternal_/h(file:///C:/Users/OLENAG~1/AppData/Local/Temp/anonymous1499959988868480667webdriver-profile/extensions/fxdriver@googlecode.com/components/command-processor.js:12614)
	at <anonymous class>.DelayedCommand.prototype.executeInternal_(file:///C:/Users/OLENAG~1/AppData/Local/Temp/anonymous1499959988868480667webdriver-profile/extensions/fxdriver@googlecode.com/components/command-processor.js:12619)
	at <anonymous class>.DelayedCommand.prototype.execute/<(file:///C:/Users/OLENAG~1/AppData/Local/Temp/anonymous1499959988868480667webdriver-profile/extensions/fxdriver@googlecode.com/components/command-processor.js:12561)
	at <anonymous class>..send(https://abs.twimg.com/c/swift/en/init.23a56255979150732e2e4472e4deecfc4eb710ad.js:363)
	at <anonymous class>..ajax(https://abs.twimg.com/c/swift/en/init.23a56255979150732e2e4472e4deecfc4eb710ad.js:351)
	at <anonymous class>.ScribeTransport.prototype.flush(https://abs.twimg.com/c/swift/en/init.23a56255979150732e2e4472e4deecfc4eb710ad.js:534)
	at <anonymous class>.ScribeTransport.prototype.registerEventHandlers/<(https://abs.twimg.com/c/swift/en/init.23a56255979150732e2e4472e4deecfc4eb710ad.js:534)
	at <anonymous class>.n.event.dispatch(https://abs.twimg.com/c/swift/en/init.23a56255979150732e2e4472e4deecfc4eb710ad.js:207)
	at <anonymous class>.n.event.add/s.handle(https://abs.twimg.com/c/swift/en/init.23a56255979150732e2e4472e4deecfc4eb710ad.js:194)
... Removed 32 stack frames]]>
    </failure>
  </testcase> <!-- testNimgo -->
</testsuite> <!-- Surefire test -->
